<?xml version="1.0" encoding="UTF-8"?>
<testng-results skipped="0" failed="1" ignored="0" total="3" passed="2">
  <reporter-output>
  </reporter-output>
  <suite name="Suite" duration-ms="75255" started-at="2022-07-15T11:33:48Z" finished-at="2022-07-15T11:35:03Z">
    <groups>
    </groups>
    <test name="Test 3" duration-ms="6202" started-at="2022-07-15T11:33:48Z" finished-at="2022-07-15T11:33:54Z">
      <class name="org.Testngconcepts.Employee4">
        <test-method status="FAIL" signature="tc1(java.lang.String)[pri:0, instance:org.Testngconcepts.Employee4@5442a311]" name="tc1" duration-ms="6174" started-at="2022-07-15T11:33:48Z" finished-at="2022-07-15T11:33:54Z">
          <params>
            <param index="0">
              <value>
                <![CDATA[edge]]>
              </value>
            </param>
          </params>
          <exception class="io.github.bonigarcia.wdm.config.WebDriverManagerException">
            <message>
              <![CDATA[io.github.bonigarcia.wdm.config.WebDriverManagerException: No proper candidate URL to download edgedriver 103.0.1264.51]]>
            </message>
            <full-stacktrace>
              <![CDATA[io.github.bonigarcia.wdm.config.WebDriverManagerException: io.github.bonigarcia.wdm.config.WebDriverManagerException: No proper candidate URL to download edgedriver 103.0.1264.51
at io.github.bonigarcia.wdm.WebDriverManager.handleException(WebDriverManager.java:725)
at io.github.bonigarcia.wdm.WebDriverManager.manage(WebDriverManager.java:531)
at io.github.bonigarcia.wdm.WebDriverManager.handleException(WebDriverManager.java:722)
at io.github.bonigarcia.wdm.WebDriverManager.manage(WebDriverManager.java:531)
at io.github.bonigarcia.wdm.WebDriverManager.setup(WebDriverManager.java:277)
at org.Testngconcepts.Employee4.tc1(Employee4.java:36)
at sun.reflect.NativeMethodAccessorImpl.invoke0(Native Method)
at sun.reflect.NativeMethodAccessorImpl.invoke(Unknown Source)
at sun.reflect.DelegatingMethodAccessorImpl.invoke(Unknown Source)
at java.lang.reflect.Method.invoke(Unknown Source)
at org.testng.internal.MethodInvocationHelper.invokeMethod(MethodInvocationHelper.java:124)
at org.testng.internal.Invoker.invokeMethod(Invoker.java:583)
at org.testng.internal.Invoker.invokeTestMethod(Invoker.java:719)
at org.testng.internal.Invoker.invokeTestMethods(Invoker.java:989)
at org.testng.internal.TestMethodWorker.invokeTestMethods(TestMethodWorker.java:125)
at org.testng.internal.TestMethodWorker.run(TestMethodWorker.java:109)
at org.testng.TestRunner.privateRun(TestRunner.java:648)
at org.testng.TestRunner.run(TestRunner.java:505)
at org.testng.SuiteRunner.runTest(SuiteRunner.java:455)
at org.testng.SuiteRunner.access$000(SuiteRunner.java:40)
at org.testng.SuiteRunner$SuiteWorker.run(SuiteRunner.java:489)
at org.testng.internal.thread.ThreadUtil$1.call(ThreadUtil.java:52)
at java.util.concurrent.FutureTask.run(Unknown Source)
at java.util.concurrent.ThreadPoolExecutor.runWorker(Unknown Source)
at java.util.concurrent.ThreadPoolExecutor$Worker.run(Unknown Source)
at java.lang.Thread.run(Unknown Source)
Caused by: io.github.bonigarcia.wdm.config.WebDriverManagerException: No proper candidate URL to download edgedriver 103.0.1264.51
at io.github.bonigarcia.wdm.online.UrlHandler.getCandidateUrl(UrlHandler.java:284)
at io.github.bonigarcia.wdm.WebDriverManager.download(WebDriverManager.java:594)
at io.github.bonigarcia.wdm.WebDriverManager.manage(WebDriverManager.java:525)
... 24 more
]]>
            </full-stacktrace>
          </exception> <!-- io.github.bonigarcia.wdm.config.WebDriverManagerException -->
          <reporter-output>
          </reporter-output>
        </test-method> <!-- tc1 -->
      </class> <!-- org.Testngconcepts.Employee4 -->
    </test> <!-- Test 3 -->
    <test name="Test 1" duration-ms="61294" started-at="2022-07-15T11:33:48Z" finished-at="2022-07-15T11:34:49Z">
      <class name="org.Testngconcepts.Employee4">
        <test-method status="PASS" signature="tc1(java.lang.String)[pri:0, instance:org.Testngconcepts.Employee4@475530b9]" name="tc1" duration-ms="61271" started-at="2022-07-15T11:33:48Z" finished-at="2022-07-15T11:34:49Z">
          <params>
            <param index="0">
              <value>
                <![CDATA[chrome]]>
              </value>
            </param>
          </params>
          <reporter-output>
          </reporter-output>
        </test-method> <!-- tc1 -->
      </class> <!-- org.Testngconcepts.Employee4 -->
    </test> <!-- Test 1 -->
    <test name="Test 2" duration-ms="75255" started-at="2022-07-15T11:33:48Z" finished-at="2022-07-15T11:35:03Z">
      <class name="org.Testngconcepts.Employee4">
        <test-method status="PASS" signature="tc1(java.lang.String)[pri:0, instance:org.Testngconcepts.Employee4@7d9d1a19]" name="tc1" duration-ms="75232" started-at="2022-07-15T11:33:48Z" finished-at="2022-07-15T11:35:03Z">
          <params>
            <param index="0">
              <value>
                <![CDATA[ff]]>
              </value>
            </param>
          </params>
          <reporter-output>
          </reporter-output>
        </test-method> <!-- tc1 -->
      </class> <!-- org.Testngconcepts.Employee4 -->
    </test> <!-- Test 2 -->
  </suite> <!-- Suite -->
</testng-results>
